Started at Tue Apr 23 19:37:29 UTC 2024
Processing pipeline avec agent
Offering pipeline avec agent to Project Build Discarder
Processing pipeline sans agent
Offering pipeline sans agent to Project Build Discarder
Processing Pipeline SonarCloud
Offering Pipeline SonarCloud to Project Build Discarder
Processing SkiStation
Offering SkiStation to Project Build Discarder
Finished at Tue Apr 23 19:37:29 UTC 2024. 16ms
Started at Tue Apr 23 20:16:02 UTC 2024
Processing pipeline avec agent
Offering pipeline avec agent to Project Build Discarder
Processing pipeline sans agent
Offering pipeline sans agent to Project Build Discarder
Processing Pipeline SonarCloud
Offering Pipeline SonarCloud to Project Build Discarder
Processing SkiStation
Offering SkiStation to Project Build Discarder
Finished at Tue Apr 23 20:16:02 UTC 2024. 12ms
Started at Tue Apr 23 20:37:29 UTC 2024
Processing pipeline avec agent
Offering pipeline avec agent to Project Build Discarder
Processing pipeline sans agent
Offering pipeline sans agent to Project Build Discarder
Processing Pipeline SonarCloud
Offering Pipeline SonarCloud to Project Build Discarder
Processing SkiStation
Offering SkiStation to Project Build Discarder
Finished at Tue Apr 23 20:37:29 UTC 2024. 13ms
