--- Copying files at Wed Mar 20 21:31:41 UTC 2024
--- Copying files at Wed Mar 20 21:33:25 UTC 2024
--- Copying files at Wed Mar 20 21:55:58 UTC 2024
--- Copying files at Wed Mar 20 22:01:33 UTC 2024
--- Copying files at Wed Mar 20 22:49:16 UTC 2024
--- Copying files at Sat Mar 23 08:25:03 UTC 2024
--- Copying files at Sat Mar 23 08:32:45 UTC 2024
--- Copying files at Sat Mar 30 10:44:41 UTC 2024
--- Copying files at Sat Mar 30 11:05:58 UTC 2024
--- Copying files at Sat Mar 30 13:26:00 UTC 2024
--- Copying files at Sun Mar 31 21:17:57 UTC 2024
--- Copying files at Sun Apr  7 21:51:12 UTC 2024
--- Copying files at Sun Apr  7 23:18:45 UTC 2024
--- Copying files at Fri Apr 12 21:41:52 UTC 2024
--- Copying files at Fri Apr 12 22:49:22 UTC 2024
--- Copying files at Sat Apr 13 08:46:41 UTC 2024
--- Copying files at Thu Apr 18 22:00:27 UTC 2024
--- Copying files at Fri Apr 19 10:51:07 UTC 2024
--- Copying files at Fri Apr 19 13:57:43 UTC 2024
--- Copying files at Sun Apr 21 20:26:51 UTC 2024
--- Copying files at Sun Apr 21 20:46:01 UTC 2024
--- Copying files at Sun Apr 21 21:44:59 UTC 2024
